0 info it worked if it ends with ok
1 verbose cli [ 'C:\\Program Files\\nodejs\\node.exe',
1 verbose cli   'C:\\Program Files\\nodejs\\node_modules\\npm\\bin\\npm-cli.js',
1 verbose cli   'install',
1 verbose cli   '--save',
1 verbose cli   './routes/routes.js' ]
2 info using npm@3.10.10
3 info using node@v6.9.5
4 silly loadCurrentTree Starting
5 silly install loadCurrentTree
6 silly install readLocalPackageData
7 silly fetchPackageMetaData ./routes/routes.js
8 silly fetchOtherPackageData ./routes/routes.js
9 silly cache add args [ './routes/routes.js', null ]
10 verbose cache add spec ./routes/routes.js
11 silly cache add parsed spec Result {
11 silly cache add   raw: './routes/routes.js',
11 silly cache add   scope: null,
11 silly cache add   escapedName: null,
11 silly cache add   name: null,
11 silly cache add   rawSpec: './routes/routes.js',
11 silly cache add   spec: 'D:\\Users\\ZFleezy\\Documents\\DataExpressProject\\VideoGameSurvey\\routes\\routes.js',
11 silly cache add   type: 'local' }
12 silly addLocalTarball shasum (computed) d1b326da82efdfb24129c2b6280e6a9e268a2771
13 verbose addTmpTarball D:\Users\ZFleezy\Documents\DataExpressProject\VideoGameSurvey\routes\routes.js not in flight; adding
14 verbose correctMkdir C:\Users\ZFleezy\AppData\Roaming\npm-cache correctMkdir not in flight; initializing
15 verbose addTmpTarball validating metadata from D:\Users\ZFleezy\Documents\DataExpressProject\VideoGameSurvey\routes\routes.js
16 verbose tar unpack D:\Users\ZFleezy\Documents\DataExpressProject\VideoGameSurvey\routes\routes.js
17 verbose tar unpacking to C:\Users\ZFleezy\AppData\Local\Temp\npm-248-f1cf9ee7\unpack-aa25549d
18 silly gentlyRm C:\Users\ZFleezy\AppData\Local\Temp\npm-248-f1cf9ee7\unpack-aa25549d is being purged
19 verbose gentlyRm don't care about contents; nuking C:\Users\ZFleezy\AppData\Local\Temp\npm-248-f1cf9ee7\unpack-aa25549d
20 silly gunzTarPerm modes [ '777', '666' ]
21 error not a package D:\Users\ZFleezy\Documents\DataExpressProject\VideoGameSurvey\routes\routes.js
22 error addLocal Could not install D:\Users\ZFleezy\Documents\DataExpressProject\VideoGameSurvey\routes\routes.js
23 silly fetchPackageMetaData Error: ENOENT: no such file or directory, open 'C:\Users\ZFleezy\AppData\Local\Temp\npm-248-f1cf9ee7\unpack-aa25549d\package.json'
23 silly fetchPackageMetaData     at Error (native)
23 silly fetchPackageMetaData  error for ./routes/routes.js { Error: ENOENT: no such file or directory, open 'C:\Users\ZFleezy\AppData\Local\Temp\npm-248-f1cf9ee7\unpack-aa25549d\package.json'
23 silly fetchPackageMetaData     at Error (native)
23 silly fetchPackageMetaData   errno: -4058,
23 silly fetchPackageMetaData   code: 'ENOENT',
23 silly fetchPackageMetaData   syscall: 'open',
23 silly fetchPackageMetaData   path: 'C:\\Users\\ZFleezy\\AppData\\Local\\Temp\\npm-248-f1cf9ee7\\unpack-aa25549d\\package.json' }
24 silly rollbackFailedOptional Starting
25 silly rollbackFailedOptional Finishing
26 silly runTopLevelLifecycles Finishing
27 silly install printInstalled
28 verbose stack Error: ENOENT: no such file or directory, open 'C:\Users\ZFleezy\AppData\Local\Temp\npm-248-f1cf9ee7\unpack-aa25549d\package.json'
28 verbose stack     at Error (native)
29 verbose cwd D:\Users\ZFleezy\Documents\DataExpressProject\VideoGameSurvey
30 error Windows_NT 10.0.14393
31 error argv "C:\\Program Files\\nodejs\\node.exe" "C:\\Program Files\\nodejs\\node_modules\\npm\\bin\\npm-cli.js" "install" "--save" "./routes/routes.js"
32 error node v6.9.5
33 error npm  v3.10.10
34 error path C:\Users\ZFleezy\AppData\Local\Temp\npm-248-f1cf9ee7\unpack-aa25549d\package.json
35 error code ENOENT
36 error errno -4058
37 error syscall open
38 error enoent ENOENT: no such file or directory, open 'C:\Users\ZFleezy\AppData\Local\Temp\npm-248-f1cf9ee7\unpack-aa25549d\package.json'
39 error enoent ENOENT: no such file or directory, open 'C:\Users\ZFleezy\AppData\Local\Temp\npm-248-f1cf9ee7\unpack-aa25549d\package.json'
39 error enoent This is most likely not a problem with npm itself
39 error enoent and is related to npm not being able to find a file.
40 verbose exit [ -4058, true ]
